[0809/231026.118:INFO:CONSOLE(0)] "Use of the Application Cache is deprecated on insecure origins. Support will be removed in the future. You should consider switching your application to a secure origin, such as HTTPS. See https://goo.gl/rStTGz for more details.", source:  (0)
[0809/231026.122:INFO:CONSOLE(0)] "Creating Application Cache with manifest http://aria2c.com/offline.appcache", source: http://aria2c.com/ (0)
[0809/231026.123:INFO:CONSOLE(0)] "Application Cache Checking event", source: http://aria2c.com/ (0)
[0809/231027.662:INFO:CONSOLE(0)] "Application Cache Downloading event", source: http://aria2c.com/ (0)
[0809/231028.519:INFO:CONSOLE(0)] "Application Cache Progress event (0 of 16) http://aria2c.com/js/bootstrap.min.js", source: http://aria2c.com/ (0)
[0809/231028.952:INFO:CONSOLE(0)] "Application Cache Progress event (1 of 16) http://aria2c.com/favicon.ico", source: http://aria2c.com/ (0)
[0809/231029.389:INFO:CONSOLE(0)] "Application Cache Progress event (2 of 16) http://aria2c.com/js/jquery.Storage.min.js", source: http://aria2c.com/ (0)
[0809/231030.841:INFO:CONSOLE(0)] "Application Cache Progress event (3 of 16) http://aria2c.com/index.html", source: http://aria2c.com/ (0)
[0809/231031.375:INFO:CONSOLE(0)] "Application Cache Progress event (4 of 16) http://aria2c.com/css/bootstrap-responsive.min.css", source: http://aria2c.com/ (0)
[0809/231032.358:INFO:CONSOLE(0)] "Application Cache Progress event (5 of 16) http://aria2c.com/css/bootstrap.min.css", source: http://aria2c.com/ (0)
[0825/163938.700:INFO:CONSOLE(0)] "Use of the Application Cache is deprecated on insecure origins. Support will be removed in the future. You should consider switching your application to a secure origin, such as HTTPS. See https://goo.gl/rStTGz for more details.", source:  (0)
[0825/163938.731:INFO:CONSOLE(0)] "Creating Application Cache with manifest http://aria2.b2cn.tk/index.manifest", source: http://aria2.b2cn.tk/?i=1 (0)
[0825/163938.733:INFO:CONSOLE(0)] "Application Cache Checking event", source: http://aria2.b2cn.tk/?i=1 (0)
[0825/163939.118:INFO:CONSOLE(0)] "Application Cache Downloading event", source: http://aria2.b2cn.tk/?i=1 (0)
[0825/163940.323:INFO:CONSOLE(0)] "Application Cache Progress event (0 of 12) http://aria2.b2cn.tk/js/moment-with-locales-2.22.2.min.js", source: http://aria2.b2cn.tk/?i=1 (0)
[0825/163940.817:INFO:CONSOLE(0)] "Application Cache Progress event (1 of 12) http://aria2.b2cn.tk/index.html", source: http://aria2.b2cn.tk/?i=1 (0)
[0825/163940.820:INFO:CONSOLE(0)] "Application Cache Progress event (2 of 12) http://aria2.b2cn.tk/css/aria-ng-b3babb8b37.min.css", source: http://aria2.b2cn.tk/?i=1 (0)
[0825/163940.822:INFO:CONSOLE(0)] "Application Cache Progress event (3 of 12) http://aria2.b2cn.tk/js/bootstrap-3.3.7.min.js", source: http://aria2.b2cn.tk/?i=1 (0)
[0825/163940.824:INFO:CONSOLE(0)] "Application Cache Progress event (4 of 12) http://aria2.b2cn.tk/js/jquery-3.3.1.min.js", source: http://aria2.b2cn.tk/?i=1 (0)
[0825/163940.826:INFO:CONSOLE(0)] "Application Cache Progress event (5 of 12) http://aria2.b2cn.tk/css/bootstrap-3.3.7.min.css", source: http://aria2.b2cn.tk/?i=1 (0)
[0825/163941.507:INFO:CONSOLE(0)] "Application Cache Progress event (6 of 12) http://aria2.b2cn.tk/js/aria-ng-c3ccf3dc62.min.js", source: http://aria2.b2cn.tk/?i=1 (0)
[0825/163942.046:INFO:CONSOLE(0)] "Application Cache Progress event (7 of 12) http://aria2.b2cn.tk/js/echarts-common-3.8.5.min.js", source: http://aria2.b2cn.tk/?i=1 (0)
[0825/163942.231:INFO:CONSOLE(0)] "Application Cache Progress event (8 of 12) http://aria2.b2cn.tk/css/plugins-e572f65c7f.min.css", source: http://aria2.b2cn.tk/?i=1 (0)
[0825/163942.231:INFO:CONSOLE(0)] "Application Cache Progress event (9 of 12) http://aria2.b2cn.tk/js/plugins-cb1060364a.min.js", source: http://aria2.b2cn.tk/?i=1 (0)
[0825/163946.052:INFO:CONSOLE(0)] "Application Cache Progress event (10 of 12) http://aria2.b2cn.tk/fonts/fontawesome-webfont.woff2", source: http://aria2.b2cn.tk/?i=1 (0)
[0825/163954.734:INFO:CONSOLE(0)] "Application Cache Progress event (11 of 12) http://aria2.b2cn.tk/js/angular-packages-1.6.10.min.js", source: http://aria2.b2cn.tk/?i=1 (0)
[0825/163955.161:ERROR:quota_settings.cc(95)] Unable to compute QuotaSettings.
[0825/163955.170:WARNING:quota_manager.cc(1637)] No storage quota provided in QuotaSettings.
[0825/163956.022:INFO:CONSOLE(0)] "Application Cache Error event: Failed to commit new cache to storage, would exceed quota", source: http://aria2.b2cn.tk/?i=1#!/downloading (0)
[0825/164033.025:INFO:CONSOLE(0)] "Use of the Application Cache is deprecated on insecure origins. Support will be removed in the future. You should consider switching your application to a secure origin, such as HTTPS. See https://goo.gl/rStTGz for more details.", source:  (0)
[0825/164033.035:INFO:CONSOLE(0)] "Creating Application Cache with manifest http://aria2.b2cn.tk/index.manifest", source: http://aria2.b2cn.tk/?i=1#!/settings/ariang (0)
[0825/164033.035:INFO:CONSOLE(0)] "Application Cache Checking event", source: http://aria2.b2cn.tk/?i=1#!/settings/ariang (0)
[0825/164033.815:INFO:CONSOLE(0)] "Application Cache Downloading event", source: http://aria2.b2cn.tk/?i=1#!/settings/ariang (0)
[0825/164033.816:INFO:CONSOLE(0)] "Application Cache Progress event (0 of 12) http://aria2.b2cn.tk/index.html", source: http://aria2.b2cn.tk/?i=1#!/settings/ariang (0)
[0825/164033.816:INFO:CONSOLE(0)] "Application Cache Progress event (1 of 12) http://aria2.b2cn.tk/js/moment-with-locales-2.22.2.min.js", source: http://aria2.b2cn.tk/?i=1#!/settings/ariang (0)
[0825/164033.817:INFO:CONSOLE(0)] "Application Cache Progress event (2 of 12) http://aria2.b2cn.tk/css/aria-ng-b3babb8b37.min.css", source: http://aria2.b2cn.tk/?i=1#!/settings/ariang (0)
[0825/164033.817:INFO:CONSOLE(0)] "Application Cache Progress event (3 of 12) http://aria2.b2cn.tk/js/bootstrap-3.3.7.min.js", source: http://aria2.b2cn.tk/?i=1#!/settings/ariang (0)
[0825/164033.818:INFO:CONSOLE(0)] "Application Cache Progress event (4 of 12) http://aria2.b2cn.tk/js/aria-ng-c3ccf3dc62.min.js", source: http://aria2.b2cn.tk/?i=1#!/settings/ariang (0)
[0825/164033.819:INFO:CONSOLE(0)] "Application Cache Progress event (5 of 12) http://aria2.b2cn.tk/js/jquery-3.3.1.min.js", source: http://aria2.b2cn.tk/?i=1#!/settings/ariang (0)
[0825/164033.819:INFO:CONSOLE(0)] "Application Cache Progress event (6 of 12) http://aria2.b2cn.tk/css/bootstrap-3.3.7.min.css", source: http://aria2.b2cn.tk/?i=1#!/settings/ariang (0)
[0825/164033.820:INFO:CONSOLE(0)] "Application Cache Progress event (7 of 12) http://aria2.b2cn.tk/css/plugins-e572f65c7f.min.css", source: http://aria2.b2cn.tk/?i=1#!/settings/ariang (0)
[0825/164033.821:INFO:CONSOLE(0)] "Application Cache Progress event (8 of 12) http://aria2.b2cn.tk/js/echarts-common-3.8.5.min.js", source: http://aria2.b2cn.tk/?i=1#!/settings/ariang (0)
[0825/164033.821:INFO:CONSOLE(0)] "Application Cache Progress event (9 of 12) http://aria2.b2cn.tk/js/angular-packages-1.6.10.min.js", source: http://aria2.b2cn.tk/?i=1#!/settings/ariang (0)
[0825/164033.822:INFO:CONSOLE(0)] "Application Cache Progress event (10 of 12) http://aria2.b2cn.tk/js/plugins-cb1060364a.min.js", source: http://aria2.b2cn.tk/?i=1#!/settings/ariang (0)
[0825/164033.947:INFO:CONSOLE(0)] "Application Cache Progress event (11 of 12) http://aria2.b2cn.tk/fonts/fontawesome-webfont.woff2", source: http://aria2.b2cn.tk/?i=1#!/settings/ariang (0)
[0825/164034.213:INFO:CONSOLE(0)] "Application Cache Error event: Failed to commit new cache to storage, would exceed quota", source: http://aria2.b2cn.tk/?i=1#!/settings/ariang (0)
[0825/164734.940:INFO:CONSOLE(0)] "Use of the Application Cache is deprecated on insecure origins. Support will be removed in the future. You should consider switching your application to a secure origin, such as HTTPS. See https://goo.gl/rStTGz for more details.", source:  (0)
[0825/164734.955:INFO:CONSOLE(0)] "Creating Application Cache with manifest http://aria2.b2cn.tk/index.manifest", source: http://aria2.b2cn.tk/?i=1 (0)
[0825/164734.955:INFO:CONSOLE(0)] "Application Cache Checking event", source: http://aria2.b2cn.tk/?i=1 (0)
[0825/164735.354:INFO:CONSOLE(0)] "Application Cache Downloading event", source: http://aria2.b2cn.tk/?i=1 (0)
[0825/164736.942:INFO:CONSOLE(0)] "Application Cache Progress event (0 of 12) http://aria2.b2cn.tk/js/moment-with-locales-2.22.2.min.js", source: http://aria2.b2cn.tk/?i=1 (0)
[0825/164736.955:INFO:CONSOLE(0)] "Application Cache Progress event (1 of 12) http://aria2.b2cn.tk/index.html", source: http://aria2.b2cn.tk/?i=1 (0)
[0825/164736.955:INFO:CONSOLE(0)] "Application Cache Progress event (2 of 12) http://aria2.b2cn.tk/css/aria-ng-b3babb8b37.min.css", source: http://aria2.b2cn.tk/?i=1 (0)
[0825/164736.957:INFO:CONSOLE(0)] "Application Cache Progress event (3 of 12) http://aria2.b2cn.tk/js/bootstrap-3.3.7.min.js", source: http://aria2.b2cn.tk/?i=1 (0)
[0825/164736.959:INFO:CONSOLE(0)] "Application Cache Progress event (4 of 12) http://aria2.b2cn.tk/js/jquery-3.3.1.min.js", source: http://aria2.b2cn.tk/?i=1 (0)
[0825/164736.962:INFO:CONSOLE(0)] "Application Cache Progress event (5 of 12) http://aria2.b2cn.tk/css/bootstrap-3.3.7.min.css", source: http://aria2.b2cn.tk/?i=1 (0)
[0825/164738.074:INFO:CONSOLE(0)] "Application Cache Progress event (6 of 12) http://aria2.b2cn.tk/js/aria-ng-c3ccf3dc62.min.js", source: http://aria2.b2cn.tk/?i=1 (0)
[0825/164738.075:INFO:CONSOLE(0)] "Application Cache Progress event (7 of 12) http://aria2.b2cn.tk/css/plugins-e572f65c7f.min.css", source: http://aria2.b2cn.tk/?i=1 (0)
[0825/164738.078:INFO:CONSOLE(0)] "Application Cache Progress event (8 of 12) http://aria2.b2cn.tk/js/angular-packages-1.6.10.min.js", source: http://aria2.b2cn.tk/?i=1 (0)
[0825/164738.079:INFO:CONSOLE(0)] "Application Cache Progress event (9 of 12) http://aria2.b2cn.tk/js/plugins-cb1060364a.min.js", source: http://aria2.b2cn.tk/?i=1 (0)
[0825/164738.629:INFO:CONSOLE(0)] "Application Cache Progress event (10 of 12) http://aria2.b2cn.tk/js/echarts-common-3.8.5.min.js", source: http://aria2.b2cn.tk/?i=1 (0)
[0825/164739.854:INFO:CONSOLE(0)] "Application Cache Progress event (11 of 12) http://aria2.b2cn.tk/fonts/fontawesome-webfont.woff2", source: http://aria2.b2cn.tk/?i=1#!/downloading (0)
[0825/164740.249:ERROR:quota_settings.cc(95)] Unable to compute QuotaSettings.
[0825/164740.254:WARNING:quota_manager.cc(1637)] No storage quota provided in QuotaSettings.
[0825/164740.284:INFO:CONSOLE(0)] "Application Cache Error event: Failed to commit new cache to storage, would exceed quota", source: http://aria2.b2cn.tk/?i=1#!/downloading (0)
[0825/164945.903:INFO:CONSOLE(0)] "Use of the Application Cache is deprecated on insecure origins. Support will be removed in the future. You should consider switching your application to a secure origin, such as HTTPS. See https://goo.gl/rStTGz for more details.", source:  (0)
[0825/164945.907:INFO:CONSOLE(0)] "Creating Application Cache with manifest http://aria2.b2cn.tk/index.manifest", source: http://aria2.b2cn.tk/?i=1 (0)
[0825/164945.907:INFO:CONSOLE(0)] "Application Cache Checking event", source: http://aria2.b2cn.tk/?i=1 (0)
[0825/164946.321:INFO:CONSOLE(0)] "Application Cache Downloading event", source: http://aria2.b2cn.tk/?i=1 (0)
[0825/164947.967:INFO:CONSOLE(0)] "Application Cache Progress event (0 of 12) http://aria2.b2cn.tk/js/moment-with-locales-2.22.2.min.js", source: http://aria2.b2cn.tk/?i=1 (0)
[0825/164948.364:INFO:CONSOLE(0)] "Application Cache Progress event (1 of 12) http://aria2.b2cn.tk/js/aria-ng-c3ccf3dc62.min.js", source: http://aria2.b2cn.tk/?i=1 (0)
[0825/164948.364:INFO:CONSOLE(0)] "Application Cache Progress event (2 of 12) http://aria2.b2cn.tk/css/aria-ng-b3babb8b37.min.css", source: http://aria2.b2cn.tk/?i=1 (0)
[0825/164948.365:INFO:CONSOLE(0)] "Application Cache Progress event (3 of 12) http://aria2.b2cn.tk/js/bootstrap-3.3.7.min.js", source: http://aria2.b2cn.tk/?i=1 (0)
[0825/164948.365:INFO:CONSOLE(0)] "Application Cache Progress event (4 of 12) http://aria2.b2cn.tk/js/jquery-3.3.1.min.js", source: http://aria2.b2cn.tk/?i=1 (0)
[0825/164948.366:INFO:CONSOLE(0)] "Application Cache Progress event (5 of 12) http://aria2.b2cn.tk/css/bootstrap-3.3.7.min.css", source: http://aria2.b2cn.tk/?i=1 (0)
[0825/164948.411:INFO:CONSOLE(0)] "Application Cache Progress event (6 of 12) http://aria2.b2cn.tk/index.html", source: http://aria2.b2cn.tk/?i=1 (0)
[0825/164948.413:INFO:CONSOLE(0)] "Application Cache Progress event (7 of 12) http://aria2.b2cn.tk/css/plugins-e572f65c7f.min.css", source: http://aria2.b2cn.tk/?i=1 (0)
[0825/164948.421:INFO:CONSOLE(0)] "Application Cache Progress event (8 of 12) http://aria2.b2cn.tk/js/angular-packages-1.6.10.min.js", source: http://aria2.b2cn.tk/?i=1 (0)
[0825/164948.421:INFO:CONSOLE(0)] "Application Cache Progress event (9 of 12) http://aria2.b2cn.tk/js/plugins-cb1060364a.min.js", source: http://aria2.b2cn.tk/?i=1 (0)
[0825/164949.207:INFO:CONSOLE(0)] "Application Cache Progress event (10 of 12) http://aria2.b2cn.tk/js/echarts-common-3.8.5.min.js", source: http://aria2.b2cn.tk/?i=1 (0)
[0825/164949.762:INFO:CONSOLE(0)] "Application Cache Progress event (11 of 12) http://aria2.b2cn.tk/fonts/fontawesome-webfont.woff2", source: http://aria2.b2cn.tk/?i=1#!/downloading (0)
[0825/164950.183:ERROR:quota_settings.cc(95)] Unable to compute QuotaSettings.
[0825/164950.184:WARNING:quota_manager.cc(1637)] No storage quota provided in QuotaSettings.
[0825/164950.191:INFO:CONSOLE(0)] "Application Cache Error event: Failed to commit new cache to storage, would exceed quota", source: http://aria2.b2cn.tk/?i=1#!/downloading (0)
[0825/165016.430:INFO:CONSOLE(0)] "Use of the Application Cache is deprecated on insecure origins. Support will be removed in the future. You should consider switching your application to a secure origin, such as HTTPS. See https://goo.gl/rStTGz for more details.", source:  (0)
[0825/165016.436:INFO:CONSOLE(0)] "Creating Application Cache with manifest http://aria2.b2cn.tk/index.manifest", source: http://aria2.b2cn.tk/?i=1#!/settings/ariang (0)
[0825/165016.436:INFO:CONSOLE(0)] "Application Cache Checking event", source: http://aria2.b2cn.tk/?i=1#!/settings/ariang (0)
[0825/165017.164:INFO:CONSOLE(0)] "Application Cache Downloading event", source: http://aria2.b2cn.tk/?i=1#!/settings/ariang (0)
[0825/165017.164:INFO:CONSOLE(0)] "Application Cache Progress event (0 of 12) http://aria2.b2cn.tk/index.html", source: http://aria2.b2cn.tk/?i=1#!/settings/ariang (0)
[0825/165017.164:INFO:CONSOLE(0)] "Application Cache Progress event (1 of 12) http://aria2.b2cn.tk/js/moment-with-locales-2.22.2.min.js", source: http://aria2.b2cn.tk/?i=1#!/settings/ariang (0)
[0825/165017.165:INFO:CONSOLE(0)] "Application Cache Progress event (2 of 12) http://aria2.b2cn.tk/css/aria-ng-b3babb8b37.min.css", source: http://aria2.b2cn.tk/?i=1#!/settings/ariang (0)
[0825/165017.165:INFO:CONSOLE(0)] "Application Cache Progress event (3 of 12) http://aria2.b2cn.tk/js/bootstrap-3.3.7.min.js", source: http://aria2.b2cn.tk/?i=1#!/settings/ariang (0)
[0825/165017.165:INFO:CONSOLE(0)] "Application Cache Progress event (4 of 12) http://aria2.b2cn.tk/js/aria-ng-c3ccf3dc62.min.js", source: http://aria2.b2cn.tk/?i=1#!/settings/ariang (0)
[0825/165017.165:INFO:CONSOLE(0)] "Application Cache Progress event (5 of 12) http://aria2.b2cn.tk/js/jquery-3.3.1.min.js", source: http://aria2.b2cn.tk/?i=1#!/settings/ariang (0)
[0825/165017.165:INFO:CONSOLE(0)] "Application Cache Progress event (6 of 12) http://aria2.b2cn.tk/css/bootstrap-3.3.7.min.css", source: http://aria2.b2cn.tk/?i=1#!/settings/ariang (0)
[0825/165017.165:INFO:CONSOLE(0)] "Application Cache Progress event (7 of 12) http://aria2.b2cn.tk/css/plugins-e572f65c7f.min.css", source: http://aria2.b2cn.tk/?i=1#!/settings/ariang (0)
[0825/165017.165:INFO:CONSOLE(0)] "Application Cache Progress event (8 of 12) http://aria2.b2cn.tk/js/echarts-common-3.8.5.min.js", source: http://aria2.b2cn.tk/?i=1#!/settings/ariang (0)
[0825/165017.165:INFO:CONSOLE(0)] "Application Cache Progress event (9 of 12) http://aria2.b2cn.tk/js/angular-packages-1.6.10.min.js", source: http://aria2.b2cn.tk/?i=1#!/settings/ariang (0)
[0825/165017.165:INFO:CONSOLE(0)] "Application Cache Progress event (10 of 12) http://aria2.b2cn.tk/js/plugins-cb1060364a.min.js", source: http://aria2.b2cn.tk/?i=1#!/settings/ariang (0)
[0825/165017.313:INFO:CONSOLE(0)] "Application Cache Progress event (11 of 12) http://aria2.b2cn.tk/fonts/fontawesome-webfont.woff2", source: http://aria2.b2cn.tk/?i=1#!/settings/ariang (0)
[0825/165017.650:INFO:CONSOLE(0)] "Application Cache Error event: Failed to commit new cache to storage, would exceed quota", source: http://aria2.b2cn.tk/?i=1#!/settings/ariang (0)
[0825/165120.431:INFO:CONSOLE(0)] "Use of the Application Cache is deprecated on insecure origins. Support will be removed in the future. You should consider switching your application to a secure origin, such as HTTPS. See https://goo.gl/rStTGz for more details.", source:  (0)
[0825/165120.437:INFO:CONSOLE(0)] "Creating Application Cache with manifest http://aria2.b2cn.tk/index.manifest", source: http://aria2.b2cn.tk/?i=1 (0)
[0825/165120.438:INFO:CONSOLE(0)] "Application Cache Checking event", source: http://aria2.b2cn.tk/?i=1 (0)
[0825/165120.808:INFO:CONSOLE(0)] "Application Cache Downloading event", source: http://aria2.b2cn.tk/?i=1 (0)
[0825/165123.194:INFO:CONSOLE(0)] "Application Cache Progress event (0 of 12) http://aria2.b2cn.tk/index.html", source: http://aria2.b2cn.tk/?i=1 (0)
[0825/165123.265:INFO:CONSOLE(0)] "Application Cache Progress event (1 of 12) http://aria2.b2cn.tk/js/aria-ng-c3ccf3dc62.min.js", source: http://aria2.b2cn.tk/?i=1 (0)
[0825/165123.266:INFO:CONSOLE(0)] "Application Cache Progress event (2 of 12) http://aria2.b2cn.tk/css/aria-ng-b3babb8b37.min.css", source: http://aria2.b2cn.tk/?i=1 (0)
[0825/165123.266:INFO:CONSOLE(0)] "Application Cache Progress event (3 of 12) http://aria2.b2cn.tk/js/bootstrap-3.3.7.min.js", source: http://aria2.b2cn.tk/?i=1 (0)
[0825/165123.267:INFO:CONSOLE(0)] "Application Cache Progress event (4 of 12) http://aria2.b2cn.tk/js/jquery-3.3.1.min.js", source: http://aria2.b2cn.tk/?i=1 (0)
[0825/165123.270:INFO:CONSOLE(0)] "Application Cache Progress event (5 of 12) http://aria2.b2cn.tk/css/bootstrap-3.3.7.min.css", source: http://aria2.b2cn.tk/?i=1 (0)
[0825/165123.838:INFO:CONSOLE(0)] "Application Cache Progress event (6 of 12) http://aria2.b2cn.tk/js/echarts-common-3.8.5.min.js", source: http://aria2.b2cn.tk/?i=1 (0)
[0825/165123.840:INFO:CONSOLE(0)] "Application Cache Progress event (7 of 12) http://aria2.b2cn.tk/css/plugins-e572f65c7f.min.css", source: http://aria2.b2cn.tk/?i=1 (0)
[0825/165123.842:INFO:CONSOLE(0)] "Application Cache Progress event (8 of 12) http://aria2.b2cn.tk/js/angular-packages-1.6.10.min.js", source: http://aria2.b2cn.tk/?i=1 (0)
[0825/165123.844:INFO:CONSOLE(0)] "Application Cache Progress event (9 of 12) http://aria2.b2cn.tk/js/plugins-cb1060364a.min.js", source: http://aria2.b2cn.tk/?i=1 (0)
[0825/165124.673:INFO:CONSOLE(0)] "Application Cache Progress event (10 of 12) http://aria2.b2cn.tk/js/moment-with-locales-2.22.2.min.js", source: http://aria2.b2cn.tk/?i=1 (0)
[0825/165124.873:INFO:CONSOLE(0)] "Application Cache Progress event (11 of 12) http://aria2.b2cn.tk/fonts/fontawesome-webfont.woff2", source: http://aria2.b2cn.tk/?i=1 (0)
[0825/165125.264:ERROR:quota_settings.cc(95)] Unable to compute QuotaSettings.
[0825/165125.264:WARNING:quota_manager.cc(1637)] No storage quota provided in QuotaSettings.
[0825/165125.287:INFO:CONSOLE(0)] "Application Cache Error event: Failed to commit new cache to storage, would exceed quota", source: http://aria2.b2cn.tk/?i=1#!/downloading (0)
[0825/165144.523:INFO:CONSOLE(0)] "Use of the Application Cache is deprecated on insecure origins. Support will be removed in the future. You should consider switching your application to a secure origin, such as HTTPS. See https://goo.gl/rStTGz for more details.", source:  (0)
[0825/165144.527:INFO:CONSOLE(0)] "Creating Application Cache with manifest http://aria2.b2cn.tk/index.manifest", source: http://aria2.b2cn.tk/?i=1#!/settings/ariang (0)
[0825/165144.528:INFO:CONSOLE(0)] "Application Cache Checking event", source: http://aria2.b2cn.tk/?i=1#!/settings/ariang (0)
[0825/165145.352:INFO:CONSOLE(0)] "Application Cache Downloading event", source: http://aria2.b2cn.tk/?i=1#!/settings/ariang (0)
[0825/165145.353:INFO:CONSOLE(0)] "Application Cache Progress event (0 of 12) http://aria2.b2cn.tk/index.html", source: http://aria2.b2cn.tk/?i=1#!/settings/ariang (0)
[0825/165145.354:INFO:CONSOLE(0)] "Application Cache Progress event (1 of 12) http://aria2.b2cn.tk/js/moment-with-locales-2.22.2.min.js", source: http://aria2.b2cn.tk/?i=1#!/settings/ariang (0)
[0825/165145.354:INFO:CONSOLE(0)] "Application Cache Progress event (2 of 12) http://aria2.b2cn.tk/css/aria-ng-b3babb8b37.min.css", source: http://aria2.b2cn.tk/?i=1#!/settings/ariang (0)
[0825/165145.355:INFO:CONSOLE(0)] "Application Cache Progress event (3 of 12) http://aria2.b2cn.tk/js/bootstrap-3.3.7.min.js", source: http://aria2.b2cn.tk/?i=1#!/settings/ariang (0)
[0825/165145.355:INFO:CONSOLE(0)] "Application Cache Progress event (4 of 12) http://aria2.b2cn.tk/js/aria-ng-c3ccf3dc62.min.js", source: http://aria2.b2cn.tk/?i=1#!/settings/ariang (0)
[0825/165145.356:INFO:CONSOLE(0)] "Application Cache Progress event (5 of 12) http://aria2.b2cn.tk/js/jquery-3.3.1.min.js", source: http://aria2.b2cn.tk/?i=1#!/settings/ariang (0)
[0825/165145.357:INFO:CONSOLE(0)] "Application Cache Progress event (6 of 12) http://aria2.b2cn.tk/css/bootstrap-3.3.7.min.css", source: http://aria2.b2cn.tk/?i=1#!/settings/ariang (0)
[0825/165145.357:INFO:CONSOLE(0)] "Application Cache Progress event (7 of 12) http://aria2.b2cn.tk/css/plugins-e572f65c7f.min.css", source: http://aria2.b2cn.tk/?i=1#!/settings/ariang (0)
[0825/165145.358:INFO:CONSOLE(0)] "Application Cache Progress event (8 of 12) http://aria2.b2cn.tk/js/echarts-common-3.8.5.min.js", source: http://aria2.b2cn.tk/?i=1#!/settings/ariang (0)
[0825/165145.359:INFO:CONSOLE(0)] "Application Cache Progress event (9 of 12) http://aria2.b2cn.tk/js/angular-packages-1.6.10.min.js", source: http://aria2.b2cn.tk/?i=1#!/settings/ariang (0)
[0825/165145.360:INFO:CONSOLE(0)] "Application Cache Progress event (10 of 12) http://aria2.b2cn.tk/js/plugins-cb1060364a.min.js", source: http://aria2.b2cn.tk/?i=1#!/settings/ariang (0)
[0825/165145.599:INFO:CONSOLE(0)] "Application Cache Progress event (11 of 12) http://aria2.b2cn.tk/fonts/fontawesome-webfont.woff2", source: http://aria2.b2cn.tk/?i=1#!/settings/ariang (0)
[0825/165145.786:INFO:CONSOLE(0)] "Application Cache Error event: Failed to commit new cache to storage, would exceed quota", source: http://aria2.b2cn.tk/?i=1#!/settings/ariang (0)
